This file contains any messages produced by compilers while
running configure, to aid debugging if configure makes a mistake.

It was created by configure, which was
generated by GNU Autoconf 2.63.  Invocation command line was

  $ /home/Sebastian/svn/FPTeacher/configure --enable-debug=full

## --------- ##
## Platform. ##
## --------- ##

hostname = fester-notebok.festernet
uname -m = i686
uname -r = 2.6.31.5-127.fc12.i686
uname -s = Linux
uname -v = #1 SMP Sat Nov 7 21:41:45 EST 2009

/usr/bin/uname -p = unknown
/bin/uname -X     = unknown

/bin/arch              = i686
/usr/bin/arch -k       = unknown
/usr/convex/getsysinfo = unknown
/usr/bin/hostinfo      = unknown
/bin/machine           = unknown
/usr/bin/oslevel       = unknown
/bin/universe          = unknown

PATH: /usr/lib/qt-3.3/bin
PATH: /usr/kerberos/sbin
PATH: /usr/kerberos/bin
PATH: /usr/local/bin
PATH: /usr/bin
PATH: /bin
PATH: /usr/local/sbin
PATH: /usr/sbin
PATH: /sbin
PATH: /home/Sebastian/bin


## ----------- ##
## Core tests. ##
## ----------- ##

configure:2074: checking for a BSD-compatible install
configure:2142: result: /usr/bin/install -c
configure:2153: checking whether build environment is sane
configure:2213: result: yes
configure:2354: checking for a thread-safe mkdir -p
configure:2393: result: /bin/mkdir -p
configure:2406: checking for gawk
configure:2422: found /usr/bin/gawk
configure:2433: result: gawk
configure:2444: checking whether make sets $(MAKE)
configure:2466: result: yes
configure:2613: checking for g++
configure:2629: found /usr/bin/g++
configure:2640: result: g++
configure:2667: checking for C++ compiler version
configure:2675: g++ --version >&5
g++ (GCC) 4.4.2 20091222 (Red Hat 4.4.2-20)
Copyright (C) 2009 Free Software Foundation, Inc.
This is free software; see the source for copying conditions.  There is NO
warranty; not even for MERCHANTABILITY or FITNESS FOR A PARTICULAR PURPOSE.

configure:2679: $? = 0
configure:2686: g++ -v >&5
Using built-in specs.
Target: i686-redhat-linux
Configured with: ../configure --prefix=/usr --mandir=/usr/share/man --infodir=/usr/share/info --with-bugurl=http://bugzilla.redhat.com/bugzilla --enable-bootstrap --enable-shared --enable-threads=posix --enable-checking=release --with-system-zlib --enable-__cxa_atexit --disable-libunwind-exceptions --enable-gnu-unique-object --enable-languages=c,c++,objc,obj-c++,java,fortran,ada --enable-java-awt=gtk --disable-dssi --enable-plugin --with-java-home=/usr/lib/jvm/java-1.5.0-gcj-1.5.0.0/jre --enable-libgcj-multifile --enable-java-maintainer-mode --with-ecj-jar=/usr/share/java/eclipse-ecj.jar --disable-libjava-multilib --with-ppl --with-cloog --with-tune=generic --with-arch=i686 --build=i686-redhat-linux
Thread model: posix
gcc version 4.4.2 20091222 (Red Hat 4.4.2-20) (GCC) 
configure:2690: $? = 0
configure:2697: g++ -V >&5
g++: '-V' option must have argument
configure:2701: $? = 1
configure:2724: checking for C++ compiler default output file name
configure:2746: g++ -O0 -g3  -lSDL_image -lSDL_mixer -lSDL_net  -lSDL_ttf -lGL -lGLU -lboost_serialization -lboost_thread-mt conftest.cpp  >&5
configure:2750: $? = 0
configure:2788: result: a.out
configure:2807: checking whether the C++ compiler works
configure:2817: ./a.out
configure:2821: $? = 0
configure:2840: result: yes
configure:2847: checking whether we are cross compiling
configure:2849: result: no
configure:2852: checking for suffix of executables
configure:2859: g++ -o conftest -O0 -g3  -lSDL_image -lSDL_mixer -lSDL_net  -lSDL_ttf -lGL -lGLU -lboost_serialization -lboost_thread-mt conftest.cpp  >&5
configure:2863: $? = 0
configure:2889: result: 
configure:2895: checking for suffix of object files
configure:2921: g++ -c -O0 -g3  conftest.cpp >&5
configure:2925: $? = 0
configure:2950: result: o
configure:2954: checking whether we are using the GNU C++ compiler
configure:2983: g++ -c -O0 -g3  conftest.cpp >&5
configure:2990: $? = 0
configure:3007: result: yes
configure:3016: checking whether g++ accepts -g
configure:3046: g++ -c -g  conftest.cpp >&5
configure:3053: $? = 0
configure:3154: result: yes
configure:3188: checking for style of include used by make
configure:3216: result: GNU
configure:3241: checking dependency style of g++
configure:3351: result: gcc3
configure:3397: checking build system type
configure:3415: result: i686-pc-linux-gnu
configure:3437: checking host system type
configure:3452: result: i686-pc-linux-gnu
configure:3522: checking for gcc
configure:3538: found /usr/bin/gcc
configure:3549: result: gcc
configure:3781: checking for C compiler version
configure:3789: gcc --version >&5
gcc (GCC) 4.4.2 20091222 (Red Hat 4.4.2-20)
Copyright (C) 2009 Free Software Foundation, Inc.
This is free software; see the source for copying conditions.  There is NO
warranty; not even for MERCHANTABILITY or FITNESS FOR A PARTICULAR PURPOSE.

configure:3793: $? = 0
configure:3800: gcc -v >&5
Using built-in specs.
Target: i686-redhat-linux
Configured with: ../configure --prefix=/usr --mandir=/usr/share/man --infodir=/usr/share/info --with-bugurl=http://bugzilla.redhat.com/bugzilla --enable-bootstrap --enable-shared --enable-threads=posix --enable-checking=release --with-system-zlib --enable-__cxa_atexit --disable-libunwind-exceptions --enable-gnu-unique-object --enable-languages=c,c++,objc,obj-c++,java,fortran,ada --enable-java-awt=gtk --disable-dssi --enable-plugin --with-java-home=/usr/lib/jvm/java-1.5.0-gcj-1.5.0.0/jre --enable-libgcj-multifile --enable-java-maintainer-mode --with-ecj-jar=/usr/share/java/eclipse-ecj.jar --disable-libjava-multilib --with-ppl --with-cloog --with-tune=generic --with-arch=i686 --build=i686-redhat-linux
Thread model: posix
gcc version 4.4.2 20091222 (Red Hat 4.4.2-20) (GCC) 
configure:3804: $? = 0
configure:3811: gcc -V >&5
gcc: '-V' option must have argument
configure:3815: $? = 1
configure:3818: checking whether we are using the GNU C compiler
configure:3847: gcc -c   conftest.c >&5
configure:3854: $? = 0
configure:3871: result: yes
configure:3880: checking whether gcc accepts -g
configure:3910: gcc -c -g  conftest.c >&5
configure:3917: $? = 0
configure:4018: result: yes
configure:4035: checking for gcc option to accept ISO C89
configure:4109: gcc  -c -g -O2  conftest.c >&5
configure:4116: $? = 0
configure:4139: result: none needed
configure:4159: checking dependency style of gcc
configure:4269: result: gcc3
configure:4284: checking for a sed that does not truncate output
configure:4350: result: /bin/sed
configure:4368: checking for grep that handles long lines and -e
configure:4428: result: /bin/grep
configure:4433: checking for egrep
configure:4497: result: /bin/grep -E
configure:4502: checking for fgrep
configure:4566: result: /bin/grep -F
configure:4601: checking for ld used by gcc
configure:4668: result: /usr/bin/ld
configure:4677: checking if the linker (/usr/bin/ld) is GNU ld
configure:4692: result: yes
configure:4704: checking for BSD- or MS-compatible name lister (nm)
configure:4753: result: /usr/bin/nm -B
configure:4871: checking the name lister (/usr/bin/nm -B) interface
configure:4878: g++ -c -O0 -g3  conftest.cpp >&5
configure:4881: /usr/bin/nm -B "conftest.o"
configure:4884: output
00000000 B some_variable
configure:4891: result: BSD nm
configure:4894: checking whether ln -s works
configure:4898: result: yes
configure:4906: checking the maximum length of command line arguments
configure:5026: result: 1966080
configure:5043: checking whether the shell understands some XSI constructs
configure:5053: result: yes
configure:5057: checking whether the shell understands "+="
configure:5063: result: yes
configure:5098: checking for /usr/bin/ld option to reload object files
configure:5105: result: -r
configure:5174: checking for objdump
configure:5190: found /usr/bin/objdump
configure:5201: result: objdump
configure:5233: checking how to recognize dependent libraries
configure:5429: result: pass_all
configure:5489: checking for ar
configure:5505: found /usr/bin/ar
configure:5516: result: ar
configure:5594: checking for strip
configure:5610: found /usr/bin/strip
configure:5621: result: strip
configure:5693: checking for ranlib
configure:5709: found /usr/bin/ranlib
configure:5720: result: ranlib
configure:5810: checking command to parse /usr/bin/nm -B output from gcc object
configure:5928: g++ -c -O0 -g3  conftest.cpp >&5
configure:5931: $? = 0
configure:5935: /usr/bin/nm -B conftest.o \| sed -n -e 's/^.*[	 ]\([ABCDGIRSTW][ABCDGIRSTW]*\)[	 ][	 ]*\([_A-Za-z][_A-Za-z0-9]*\)$/\1 \2 \2/p' \> conftest.nm
configure:5938: $? = 0
configure:5992: g++ -o conftest -O0 -g3  -lSDL_image -lSDL_mixer -lSDL_net  -lSDL_ttf -lGL -lGLU -lboost_serialization -lboost_thread-mt conftest.cpp conftstm.o >&5
configure:5995: $? = 0
configure:6033: result: ok
configure:6900: checking how to run the C preprocessor
configure:6940: gcc -E  conftest.c
configure:6947: $? = 0
configure:6978: gcc -E  conftest.c
conftest.c:10:28: error: ac_nonexistent.h: No such file or directory
configure:6985: $? = 1
configure: failed program was:
| /* confdefs.h.  */
| #define PACKAGE_NAME ""
| #define PACKAGE_TARNAME ""
| #define PACKAGE_VERSION ""
| #define PACKAGE_STRING ""
| #define PACKAGE_BUGREPORT ""
| #define PACKAGE "fpteacher"
| #define VERSION "0.6"
| /* end confdefs.h.  */
| #include <ac_nonexistent.h>
configure:7018: result: gcc -E
configure:7047: gcc -E  conftest.c
configure:7054: $? = 0
configure:7085: gcc -E  conftest.c
conftest.c:10:28: error: ac_nonexistent.h: No such file or directory
configure:7092: $? = 1
configure: failed program was:
| /* confdefs.h.  */
| #define PACKAGE_NAME ""
| #define PACKAGE_TARNAME ""
| #define PACKAGE_VERSION ""
| #define PACKAGE_STRING ""
| #define PACKAGE_BUGREPORT ""
| #define PACKAGE "fpteacher"
| #define VERSION "0.6"
| /* end confdefs.h.  */
| #include <ac_nonexistent.h>
configure:7132: checking for ANSI C header files
configure:7162: gcc -c -g -O2  conftest.c >&5
configure:7169: $? = 0
configure:7268: gcc -o conftest -g -O2  -lSDL_image -lSDL_mixer -lSDL_net  -lSDL_ttf -lGL -lGLU -lboost_serialization -lboost_thread-mt conftest.c  >&5
configure:7272: $? = 0
configure:7278: ./conftest
configure:7282: $? = 0
configure:7300: result: yes
configure:7324: checking for sys/types.h
configure:7345: gcc -c -g -O2  conftest.c >&5
configure:7352: $? = 0
configure:7369: result: yes
configure:7324: checking for sys/stat.h
configure:7345: gcc -c -g -O2  conftest.c >&5
configure:7352: $? = 0
configure:7369: result: yes
configure:7324: checking for stdlib.h
configure:7345: gcc -c -g -O2  conftest.c >&5
configure:7352: $? = 0
configure:7369: result: yes
configure:7324: checking for string.h
configure:7345: gcc -c -g -O2  conftest.c >&5
configure:7352: $? = 0
configure:7369: result: yes
configure:7324: checking for memory.h
configure:7345: gcc -c -g -O2  conftest.c >&5
configure:7352: $? = 0
configure:7369: result: yes
configure:7324: checking for strings.h
configure:7345: gcc -c -g -O2  conftest.c >&5
configure:7352: $? = 0
configure:7369: result: yes
configure:7324: checking for inttypes.h
configure:7345: gcc -c -g -O2  conftest.c >&5
configure:7352: $? = 0
configure:7369: result: yes
configure:7324: checking for stdint.h
configure:7345: gcc -c -g -O2  conftest.c >&5
configure:7352: $? = 0
configure:7369: result: yes
configure:7324: checking for unistd.h
configure:7345: gcc -c -g -O2  conftest.c >&5
configure:7352: $? = 0
configure:7369: result: yes
configure:7387: checking for dlfcn.h
configure:7408: gcc -c -g -O2  conftest.c >&5
configure:7415: $? = 0
configure:7432: result: yes
configure:7559: checking for C++ compiler version
configure:7567: g++ --version >&5
g++ (GCC) 4.4.2 20091222 (Red Hat 4.4.2-20)
Copyright (C) 2009 Free Software Foundation, Inc.
This is free software; see the source for copying conditions.  There is NO
warranty; not even for MERCHANTABILITY or FITNESS FOR A PARTICULAR PURPOSE.

configure:7571: $? = 0
configure:7578: g++ -v >&5
Using built-in specs.
Target: i686-redhat-linux
Configured with: ../configure --prefix=/usr --mandir=/usr/share/man --infodir=/usr/share/info --with-bugurl=http://bugzilla.redhat.com/bugzilla --enable-bootstrap --enable-shared --enable-threads=posix --enable-checking=release --with-system-zlib --enable-__cxa_atexit --disable-libunwind-exceptions --enable-gnu-unique-object --enable-languages=c,c++,objc,obj-c++,java,fortran,ada --enable-java-awt=gtk --disable-dssi --enable-plugin --with-java-home=/usr/lib/jvm/java-1.5.0-gcj-1.5.0.0/jre --enable-libgcj-multifile --enable-java-maintainer-mode --with-ecj-jar=/usr/share/java/eclipse-ecj.jar --disable-libjava-multilib --with-ppl --with-cloog --with-tune=generic --with-arch=i686 --build=i686-redhat-linux
Thread model: posix
gcc version 4.4.2 20091222 (Red Hat 4.4.2-20) (GCC) 
configure:7582: $? = 0
configure:7589: g++ -V >&5
g++: '-V' option must have argument
configure:7593: $? = 1
configure:7596: checking whether we are using the GNU C++ compiler
configure:7649: result: yes
configure:7658: checking whether g++ accepts -g
configure:7796: result: yes
configure:7821: checking dependency style of g++
configure:7931: result: gcc3
configure:7954: checking how to run the C++ preprocessor
configure:7990: g++ -E  conftest.cpp
configure:7997: $? = 0
configure:8028: g++ -E  conftest.cpp
conftest.cpp:21:28: error: ac_nonexistent.h: No such file or directory
configure:8035: $? = 1
configure: failed program was:
| /* confdefs.h.  */
| #define PACKAGE_NAME ""
| #define PACKAGE_TARNAME ""
| #define PACKAGE_VERSION ""
| #define PACKAGE_STRING ""
| #define PACKAGE_BUGREPORT ""
| #define PACKAGE "fpteacher"
| #define VERSION "0.6"
| #define STDC_HEADERS 1
| #define HAVE_SYS_TYPES_H 1
| #define HAVE_SYS_STAT_H 1
| #define HAVE_STDLIB_H 1
| #define HAVE_STRING_H 1
| #define HAVE_MEMORY_H 1
| #define HAVE_STRINGS_H 1
| #define HAVE_INTTYPES_H 1
| #define HAVE_STDINT_H 1
| #define HAVE_UNISTD_H 1
| #define HAVE_DLFCN_H 1
| /* end confdefs.h.  */
| #include <ac_nonexistent.h>
configure:8068: result: g++ -E
configure:8097: g++ -E  conftest.cpp
configure:8104: $? = 0
configure:8135: g++ -E  conftest.cpp
conftest.cpp:21:28: error: ac_nonexistent.h: No such file or directory
configure:8142: $? = 1
configure: failed program was:
| /* confdefs.h.  */
| #define PACKAGE_NAME ""
| #define PACKAGE_TARNAME ""
| #define PACKAGE_VERSION ""
| #define PACKAGE_STRING ""
| #define PACKAGE_BUGREPORT ""
| #define PACKAGE "fpteacher"
| #define VERSION "0.6"
| #define STDC_HEADERS 1
| #define HAVE_SYS_TYPES_H 1
| #define HAVE_SYS_STAT_H 1
| #define HAVE_STDLIB_H 1
| #define HAVE_STRING_H 1
| #define HAVE_MEMORY_H 1
| #define HAVE_STRINGS_H 1
| #define HAVE_INTTYPES_H 1
| #define HAVE_STDINT_H 1
| #define HAVE_UNISTD_H 1
| #define HAVE_DLFCN_H 1
| /* end confdefs.h.  */
| #include <ac_nonexistent.h>
configure:8356: checking for objdir
configure:8371: result: .libs
configure:8663: checking if gcc supports -fno-rtti -fno-exceptions
configure:8681: gcc -c -g -O2  -fno-rtti -fno-exceptions conftest.c >&5
cc1: warning: command line option "-fno-rtti" is valid for C++/ObjC++ but not for C
configure:8685: $? = 0
configure:8698: result: no
configure:8718: checking for gcc option to produce PIC
configure:8990: result: -fPIC -DPIC
configure:9002: checking if gcc PIC flag -fPIC -DPIC works
configure:9020: gcc -c -g -O2  -fPIC -DPIC -DPIC conftest.c >&5
configure:9024: $? = 0
configure:9037: result: yes
configure:9061: checking if gcc static flag -static works
configure:9089: result: no
configure:9104: checking if gcc supports -c -o file.o
configure:9125: gcc -c -g -O2  -o out/conftest2.o conftest.c >&5
configure:9129: $? = 0
configure:9151: result: yes
configure:9159: checking if gcc supports -c -o file.o
configure:9206: result: yes
configure:9239: checking whether the gcc linker (/usr/bin/ld) supports shared libraries
configure:10313: result: yes
configure:10350: checking whether -lc should be explicitly linked in
configure:10355: gcc -c -g -O2  conftest.c >&5
configure:10358: $? = 0
configure:10373: gcc -shared conftest.o  -v -Wl,-soname -Wl,conftest -o conftest 2\>\&1 \| /bin/grep  -lc  \>/dev/null 2\>\&1
configure:10376: $? = 0
configure:10388: result: no
configure:10552: checking dynamic linker characteristics
configure:10995: gcc -o conftest -g -O2  -lSDL_image -lSDL_mixer -lSDL_net  -lSDL_ttf -lGL -lGLU -lboost_serialization -lboost_thread-mt -Wl,-rpath -Wl,/foo conftest.c  >&5
configure:11002: $? = 0
configure:11238: result: GNU/Linux ld.so
configure:11340: checking how to hardcode library paths into programs
configure:11365: result: immediate
configure:12198: checking whether stripping libraries is possible
configure:12203: result: yes
configure:12238: checking if libtool supports shared libraries
configure:12240: result: yes
configure:12243: checking whether to build shared libraries
configure:12264: result: yes
configure:12267: checking whether to build static libraries
configure:12271: result: yes
configure:12421: checking for ld used by g++
configure:12488: result: /usr/bin/ld
configure:12497: checking if the linker (/usr/bin/ld) is GNU ld
configure:12512: result: yes
configure:12567: checking whether the g++ linker (/usr/bin/ld) supports shared libraries
configure:13542: result: yes
configure:13570: g++ -c -O0 -g3  conftest.cpp >&5
configure:13573: $? = 0
configure:13755: checking for g++ option to produce PIC
configure:14072: result: -fPIC -DPIC
configure:14081: checking if g++ PIC flag -fPIC -DPIC works
configure:14099: g++ -c -O0 -g3  -fPIC -DPIC -DPIC conftest.cpp >&5
configure:14103: $? = 0
configure:14116: result: yes
configure:14137: checking if g++ static flag -static works
configure:14165: result: no
configure:14177: checking if g++ supports -c -o file.o
configure:14198: g++ -c -O0 -g3  -o out/conftest2.o conftest.cpp >&5
configure:14202: $? = 0
configure:14224: result: yes
configure:14229: checking if g++ supports -c -o file.o
configure:14276: result: yes
configure:14306: checking whether the g++ linker (/usr/bin/ld) supports shared libraries
configure:14332: result: yes
configure:14469: checking dynamic linker characteristics
configure:14860: g++ -o conftest -O0 -g3  -lSDL_image -lSDL_mixer -lSDL_net  -lSDL_ttf -lGL -lGLU -lboost_serialization -lboost_thread-mt -Wl,-rpath -Wl,/foo conftest.cpp  >&5
configure:14867: $? = 0
configure:15103: result: GNU/Linux ld.so
configure:15154: checking how to hardcode library paths into programs
configure:15179: result: immediate
configure:15241: checking for sdl-config
configure:15295: result: /usr/bin/sdl-config
configure:15467: creating ./config.status

## ---------------------- ##
## Running config.status. ##
## ---------------------- ##

This file was extended by config.status, which was
generated by GNU Autoconf 2.63.  Invocation command line was

  CONFIG_FILES    = 
  CONFIG_HEADERS  = 
  CONFIG_LINKS    = 
  CONFIG_COMMANDS = 
  $ ./config.status 

on fester-notebok.festernet

config.status:1050: creating Makefile
config.status:1050: creating src/Makefile
config.status:1050: creating config.h
config.status:1265: config.h is unchanged
config.status:1317: executing depfiles commands
config.status:1317: executing libtool commands
configure:17954: WARNING: unrecognized options: --enable-debug

## ---------------- ##
## Cache variables. ##
## ---------------- ##

ac_cv_build=i686-pc-linux-gnu
ac_cv_c_compiler_gnu=yes
ac_cv_cxx_compiler_gnu=yes
ac_cv_env_CCC_set=
ac_cv_env_CCC_value=
ac_cv_env_CC_set=
ac_cv_env_CC_value=
ac_cv_env_CFLAGS_set=
ac_cv_env_CFLAGS_value=
ac_cv_env_CPPFLAGS_set=
ac_cv_env_CPPFLAGS_value=
ac_cv_env_CPP_set=
ac_cv_env_CPP_value=
ac_cv_env_CXXCPP_set=
ac_cv_env_CXXCPP_value=
ac_cv_env_CXXFLAGS_set=set
ac_cv_env_CXXFLAGS_value='-O0 -g3'
ac_cv_env_CXX_set=
ac_cv_env_CXX_value=
ac_cv_env_LDFLAGS_set=set
ac_cv_env_LDFLAGS_value='-lSDL_image -lSDL_mixer -lSDL_net  -lSDL_ttf -lGL -lGLU -lboost_serialization -lboost_thread-mt'
ac_cv_env_LIBS_set=
ac_cv_env_LIBS_value=
ac_cv_env_build_alias_set=
ac_cv_env_build_alias_value=
ac_cv_env_host_alias_set=
ac_cv_env_host_alias_value=
ac_cv_env_target_alias_set=
ac_cv_env_target_alias_value=
ac_cv_header_dlfcn_h=yes
ac_cv_header_inttypes_h=yes
ac_cv_header_memory_h=yes
ac_cv_header_stdc=yes
ac_cv_header_stdint_h=yes
ac_cv_header_stdlib_h=yes
ac_cv_header_string_h=yes
ac_cv_header_strings_h=yes
ac_cv_header_sys_stat_h=yes
ac_cv_header_sys_types_h=yes
ac_cv_header_unistd_h=yes
ac_cv_host=i686-pc-linux-gnu
ac_cv_objext=o
ac_cv_path_EGREP='/bin/grep -E'
ac_cv_path_FGREP='/bin/grep -F'
ac_cv_path_GREP=/bin/grep
ac_cv_path_SED=/bin/sed
ac_cv_path_install='/usr/bin/install -c'
ac_cv_path_mkdir=/bin/mkdir
ac_cv_prog_AWK=gawk
ac_cv_prog_CPP='gcc -E'
ac_cv_prog_CXXCPP='g++ -E'
ac_cv_prog_ac_ct_AR=ar
ac_cv_prog_ac_ct_CC=gcc
ac_cv_prog_ac_ct_CXX=g++
ac_cv_prog_ac_ct_OBJDUMP=objdump
ac_cv_prog_ac_ct_RANLIB=ranlib
ac_cv_prog_ac_ct_STRIP=strip
ac_cv_prog_cc_c89=
ac_cv_prog_cc_g=yes
ac_cv_prog_cxx_g=yes
ac_cv_prog_make_make_set=yes
am_cv_CC_dependencies_compiler_type=gcc3
am_cv_CXX_dependencies_compiler_type=gcc3
kde_cv_path=/usr/bin/sdl-config
kde_cv_path_sdl_config=/usr/bin/sdl-config
lt_cv_deplibs_check_method=pass_all
lt_cv_file_magic_cmd='$MAGIC_CMD'
lt_cv_file_magic_test_file=
lt_cv_ld_reload_flag=-r
lt_cv_nm_interface='BSD nm'
lt_cv_objdir=.libs
lt_cv_path_LD=/usr/bin/ld
lt_cv_path_LDCXX=/usr/bin/ld
lt_cv_path_NM='/usr/bin/nm -B'
lt_cv_prog_compiler_c_o=yes
lt_cv_prog_compiler_c_o_CXX=yes
lt_cv_prog_compiler_pic_works=yes
lt_cv_prog_compiler_pic_works_CXX=yes
lt_cv_prog_compiler_rtti_exceptions=no
lt_cv_prog_compiler_static_works=no
lt_cv_prog_compiler_static_works_CXX=no
lt_cv_prog_gnu_ld=yes
lt_cv_prog_gnu_ldcxx=yes
lt_cv_sys_global_symbol_pipe='sed -n -e '\''s/^.*[	 ]\([ABCDGIRSTW][ABCDGIRSTW]*\)[	 ][	 ]*\([_A-Za-z][_A-Za-z0-9]*\)$/\1 \2 \2/p'\'''
lt_cv_sys_global_symbol_to_c_name_address='sed -n -e '\''s/^: \([^ ]*\) $/  {\"\1\", (void *) 0},/p'\'' -e '\''s/^[ABCDGIRSTW]* \([^ ]*\) \([^ ]*\)$/  {"\2", (void *) \&\2},/p'\'''
lt_cv_sys_global_symbol_to_c_name_address_lib_prefix='sed -n -e '\''s/^: \([^ ]*\) $/  {\"\1\", (void *) 0},/p'\'' -e '\''s/^[ABCDGIRSTW]* \([^ ]*\) \(lib[^ ]*\)$/  {"\2", (void *) \&\2},/p'\'' -e '\''s/^[ABCDGIRSTW]* \([^ ]*\) \([^ ]*\)$/  {"lib\2", (void *) \&\2},/p'\'''
lt_cv_sys_global_symbol_to_cdecl='sed -n -e '\''s/^T .* \(.*\)$/extern int \1();/p'\'' -e '\''s/^[ABCDGIRSTW]* .* \(.*\)$/extern char \1;/p'\'''
lt_cv_sys_max_cmd_len=1966080

## ----------------- ##
## Output variables. ##
## ----------------- ##

ACLOCAL='${SHELL} /home/Sebastian/svn/FPTeacher/missing --run aclocal-1.11'
AMDEPBACKSLASH='\'
AMDEP_FALSE='#'
AMDEP_TRUE=''
AMTAR='${SHELL} /home/Sebastian/svn/FPTeacher/missing --run tar'
AR='ar'
AUTOCONF='${SHELL} /home/Sebastian/svn/FPTeacher/missing --run autoconf'
AUTOHEADER='${SHELL} /home/Sebastian/svn/FPTeacher/missing --run autoheader'
AUTOMAKE='${SHELL} /home/Sebastian/svn/FPTeacher/missing --run automake-1.11'
AWK='gawk'
CC='gcc'
CCDEPMODE='depmode=gcc3'
CFLAGS='-g -O2'
CPP='gcc -E'
CPPFLAGS=''
CXX='g++'
CXXCPP='g++ -E'
CXXDEPMODE='depmode=gcc3'
CXXFLAGS='-O0 -g3'
CYGPATH_W='echo'
DEFS='-DHAVE_CONFIG_H'
DEPDIR='.deps'
DSYMUTIL=''
DUMPBIN=''
ECHO_C=''
ECHO_N='-n'
ECHO_T=''
EGREP='/bin/grep -E'
EXEEXT=''
FGREP='/bin/grep -F'
GREP='/bin/grep'
INSTALL_DATA='${INSTALL} -m 644'
INSTALL_PROGRAM='${INSTALL}'
INSTALL_SCRIPT='${INSTALL}'
INSTALL_STRIP_PROGRAM='$(install_sh) -c -s'
LD='/usr/bin/ld'
LDFLAGS='-lSDL_image -lSDL_mixer -lSDL_net  -lSDL_ttf -lGL -lGLU -lboost_serialization -lboost_thread-mt'
LIBOBJS=''
LIBS=''
LIBSDL_CFLAGS='-I/usr/include/SDL -D_GNU_SOURCE=1 -D_REENTRANT'
LIBSDL_LIBS='-lSDL -lpthread'
LIBSDL_RPATH=''
LIBTOOL='$(SHELL) /usr/bin/libtool'
LIPO=''
LN_S='ln -s'
LTLIBOBJS=''
MAKEINFO='${SHELL} /home/Sebastian/svn/FPTeacher/missing --run makeinfo'
MKDIR_P='/bin/mkdir -p'
NM='/usr/bin/nm -B'
NMEDIT=''
OBJDUMP='objdump'
OBJEXT='o'
OTOOL64=''
OTOOL=''
PACKAGE='fpteacher'
PACKAGE_BUGREPORT=''
PACKAGE_NAME=''
PACKAGE_STRING=''
PACKAGE_TARNAME=''
PACKAGE_VERSION=''
PATH_SEPARATOR=':'
RANLIB='ranlib'
SED='/bin/sed'
SET_MAKE=''
SHELL='/bin/sh'
STRIP='strip'
VERSION='0.6'
ac_ct_CC='gcc'
ac_ct_CXX='g++'
ac_ct_DUMPBIN=''
am__EXEEXT_FALSE=''
am__EXEEXT_TRUE='#'
am__fastdepCC_FALSE='#'
am__fastdepCC_TRUE=''
am__fastdepCXX_FALSE='#'
am__fastdepCXX_TRUE=''
am__include='include'
am__isrc=' -I$(srcdir)'
am__leading_dot='.'
am__quote=''
am__tar='${AMTAR} chof - "$$tardir"'
am__untar='${AMTAR} xf -'
bindir='${exec_prefix}/bin'
build='i686-pc-linux-gnu'
build_alias=''
build_cpu='i686'
build_os='linux-gnu'
build_vendor='pc'
datadir='${datarootdir}'
datarootdir='${prefix}/share'
docdir='${datarootdir}/doc/${PACKAGE}'
dvidir='${docdir}'
exec_prefix='${prefix}'
host='i686-pc-linux-gnu'
host_alias=''
host_cpu='i686'
host_os='linux-gnu'
host_vendor='pc'
htmldir='${docdir}'
includedir='${prefix}/include'
infodir='${datarootdir}/info'
install_sh='${SHELL} /home/Sebastian/svn/FPTeacher/install-sh'
libdir='${exec_prefix}/lib'
libexecdir='${exec_prefix}/libexec'
localedir='${datarootdir}/locale'
localstatedir='${prefix}/var'
lt_ECHO='echo'
mandir='${datarootdir}/man'
mkdir_p='/bin/mkdir -p'
oldincludedir='/usr/include'
pdfdir='${docdir}'
prefix='/usr/local'
program_transform_name='s,x,x,'
psdir='${docdir}'
sbindir='${exec_prefix}/sbin'
sharedstatedir='${prefix}/com'
sysconfdir='${prefix}/etc'
target_alias=''

## ----------- ##
## confdefs.h. ##
## ----------- ##

#define PACKAGE_NAME ""
#define PACKAGE_TARNAME ""
#define PACKAGE_VERSION ""
#define PACKAGE_STRING ""
#define PACKAGE_BUGREPORT ""
#define PACKAGE "fpteacher"
#define VERSION "0.6"
#define STDC_HEADERS 1
#define HAVE_SYS_TYPES_H 1
#define HAVE_SYS_STAT_H 1
#define HAVE_STDLIB_H 1
#define HAVE_STRING_H 1
#define HAVE_MEMORY_H 1
#define HAVE_STRINGS_H 1
#define HAVE_INTTYPES_H 1
#define HAVE_STDINT_H 1
#define HAVE_UNISTD_H 1
#define HAVE_DLFCN_H 1
#define LT_OBJDIR ".libs/"
#define HAVE_LIBSDL 1

configure: exit 0
